2020-01-17T09:56:43.864Z - normal: Load ~/.CocosCreator/settings.json
2020-01-17T09:56:43.918Z - normal: Initializing Asset Database
2020-01-17T09:56:43.920Z - normal: checking language setting...
2020-01-17T09:56:43.920Z - normal: Language: zh
2020-01-17T09:56:44.410Z - success: preview server running at http://localhost:7456
2020-01-17T09:56:44.424Z - success: protocol editor-framework registered
2020-01-17T09:56:44.424Z - success: protocol app registered
2020-01-17T09:56:44.424Z - success: protocol theme registered
2020-01-17T09:56:44.424Z - success: protocol packages registered
2020-01-17T09:56:44.425Z - success: protocol uuid registerred
2020-01-17T09:56:44.425Z - success: protocol db registerred
2020-01-17T09:56:44.425Z - success: protocol thumbnail registerred
2020-01-17T09:56:44.425Z - success: protocol unpack registerred
2020-01-17T09:56:44.425Z - success: protocol disable-commonjs registerred
2020-01-17T09:56:44.606Z - normal: connected!
2020-01-17T09:56:44.606Z - normal: Check project /Users/nancy.shi/Documents/Cocos/Project_T_Client
2020-01-17T09:56:44.608Z - normal: Initializing project /Users/nancy.shi/Documents/Cocos/Project_T_Client
2020-01-17T09:56:44.641Z - success: adapters loaded
2020-01-17T09:56:44.646Z - success: asset-db-debugger loaded
2020-01-17T09:56:44.725Z - success: fb-audience-network loaded
2020-01-17T09:56:44.757Z - success: fb-live-stream loaded
2020-01-17T09:56:44.759Z - success: google-play-instant loaded
2020-01-17T09:56:44.764Z - success: huawei-runtime loaded
2020-01-17T09:56:44.765Z - success: jkw-adapter loaded
2020-01-17T09:56:44.766Z - success: jsb-adapter loaded
2020-01-17T09:56:44.769Z - success: oppo-runtime loaded
2020-01-17T09:56:44.777Z - success: package-manager loaded
2020-01-17T09:56:44.778Z - success: qtt-adapter loaded
2020-01-17T09:56:44.780Z - success: runtime-dev-tools loaded
2020-01-17T09:56:44.786Z - success: sdkbox loaded
2020-01-17T09:56:44.789Z - success: ui-kit-preview-extra loaded
2020-01-17T09:56:44.794Z - success: ui-kit-preview loaded
2020-01-17T09:56:44.799Z - success: vivo-runtime loaded
2020-01-17T09:56:44.801Z - success: alipay-minigame loaded
2020-01-17T09:56:44.855Z - success: assets loaded
2020-01-17T09:56:44.858Z - success: baidugame-opendata loaded
2020-01-17T09:56:44.860Z - success: baidugame loaded
2020-01-17T09:56:44.864Z - success: builder loaded
2020-01-17T09:56:45.022Z - success: cocos-services loaded
2020-01-17T09:56:45.027Z - success: console loaded
2020-01-17T09:56:45.037Z - success: fb-instant-games loaded
2020-01-17T09:56:45.042Z - success: game-window loaded
2020-01-17T09:56:45.043Z - success: google-instant-games loaded
2020-01-17T09:56:45.048Z - success: hierarchy loaded
2020-01-17T09:56:45.052Z - success: inspector loaded
2020-01-17T09:56:45.375Z - success: cpk-publish loaded
2020-01-17T09:56:45.378Z - success: keystore loaded
2020-01-17T09:56:45.388Z - success: node-library loaded
2020-01-17T09:56:45.392Z - success: open-recent-items loaded
2020-01-17T09:56:45.396Z - success: package-asset loaded
2020-01-17T09:56:45.405Z - success: preferences loaded
2020-01-17T09:56:45.408Z - success: project-exporter loaded
2020-01-17T09:56:45.413Z - success: project-importer loaded
2020-01-17T09:56:45.416Z - success: project-settings loaded
2020-01-17T09:56:45.430Z - success: qtt-runtime loaded
2020-01-17T09:56:45.435Z - success: scene loaded
2020-01-17T09:56:45.437Z - success: simulator-debugger loaded
2020-01-17T09:56:45.438Z - success: sprite-editor loaded
2020-01-17T09:56:45.442Z - success: store loaded
2020-01-17T09:56:45.446Z - success: timeline loaded
2020-01-17T09:56:45.449Z - success: wechatgame-opendata loaded
2020-01-17T09:56:45.452Z - success: wechatgame loaded
2020-01-17T09:56:45.455Z - success: xiaomi-runtime loaded
2020-01-17T09:56:46.405Z - normal: Initializing Cocos2d
2020-01-17T09:56:46.799Z - normal: Initializing engine extends
2020-01-17T09:56:48.148Z - info: Cocos Service load base data!
2020-01-17T09:56:49.860Z - warn: [db-task][init] Backup unused meta file: db://assets/monstors.meta
2020-01-17T09:56:52.506Z - info: æ’ä»¶è„šæœ¬åœ¨ç¼–è¾‘å™¨ä¸­åŠ è½½æ—¶ï¼Œåœ¨æœ€å¤–å±‚ç”¨ var å£°æ˜Žçš„å˜é‡å°†ä¸å†åšä¸ºå…¨å±€å˜é‡ã€‚å¦‚æžœä¸éœ€è¦åœ¨ç¼–è¾‘å™¨ä¸­åŠ è½½æ’ä»¶ï¼Œåˆ™ç›´æŽ¥å–æ¶ˆ"å…è®¸ç¼–è¾‘å™¨åŠ è½½"å³å¯ï¼Œå¦åˆ™è¯·æ”¹ç”¨ "window.xx = yy;" æ¥å®šä¹‰å…¨å±€å˜é‡ã€‚ ðŸ˜‚
æ’ä»¶è„šæœ¬ï¼š"/Users/nancy.shi/Documents/Cocos/Project_T_Client/assets/scripts/libs/runtime.js"
æ‰€åœ¨è¡Œï¼š"var runtime = (function (exports) {"
2020-01-17T09:56:52.908Z - normal: Loading packages
2020-01-17T09:56:52.913Z - normal: Watching packages
2020-01-17T09:56:52.984Z - normal: Run Application
2020-01-17T10:23:31.467Z - normal: Simulator: WORKAREA WIDTH 1392.00, HEIGHT 855.00
2020-01-17T10:23:31.467Z - normal: Simulator: FRAME SCALE = 1.00
2020-01-17T10:23:31.970Z - normal: Simulator: GLFWError #65544 Happen, Cocoa: Failed to retrieve display name
2020-01-17T10:23:31.971Z - normal: Simulator: 
2020-01-17T10:23:31.971Z - normal: Simulator: {
2020-01-17T10:23:31.971Z - normal: Simulator: 	gl.supports_float_texture: true
2020-01-17T10:23:31.971Z - normal: Simulator: 	gl.supports_ATITC: false
2020-01-17T10:23:31.972Z - normal: Simulator: 	gl.supports_discard_framebuffer: false
2020-01-17T10:23:31.972Z - normal: Simulator: 	gl.supports_NPOT: true
2020-01-17T10:23:31.972Z - normal: Simulator: 	gl.supports_ETC2: false
2020-01-17T10:23:31.972Z - normal: Simulator: 	build_type: DEBUG
2020-01-17T10:23:31.973Z - normal: Simulator: 	gl.vendor: NVIDIA Corporation
2020-01-17T10:23:31.973Z - normal: Simulator: 	gl.renderer: NVIDIA GeForce GT 750M OpenGL Engine
2020-01-17T10:23:31.973Z - normal: Simulator: 	gl.supports_PVRTC: false
2020-01-17T10:23:31.973Z - normal: Simulator: 	gl.supports_ETC1: false
2020-01-17T10:23:31.973Z - normal: Simulator: 	gl.supports_BGRA8888: false
2020-01-17T10:23:31.974Z - normal: Simulator: 	gl.max_texture_size: 16384
2020-01-17T10:23:31.974Z - normal: Simulator: 	gl.max_texture_units: 16
2020-01-17T10:23:31.974Z - normal: Simulator: 	gl.supports_OES_packed_depth_stencil: false
2020-01-17T10:23:31.974Z - normal: Simulator: 	compiled_with_gl_state_cache: true
2020-01-17T10:23:31.974Z - normal: Simulator: 	gl.supports_OES_map_buffer: false
2020-01-17T10:23:31.975Z - normal: Simulator: 	gl.supports_vertex_array_object: true
2020-01-17T10:23:31.975Z - normal: Simulator: 	gl.supports_S3TC: true
2020-01-17T10:23:31.975Z - normal: Simulator: 	gl.version: 2.1 NVIDIA-14.0.31 355.11.11.10.10.143
2020-01-17T10:23:31.975Z - normal: Simulator: 	compiled_with_profiler: false
2020-01-17T10:23:31.976Z - normal: Simulator: 	gl.supports_OES_depth24: false
2020-01-17T10:23:31.976Z - normal: Simulator: }
2020-01-17T10:23:32.002Z - normal: Simulator: Project Config:
2020-01-17T10:23:32.005Z - normal: Simulator:     project dir: /Applications/CocosCreator.app/Contents/Resources/cocos2d-x/simulator/mac/Simulator.app/Contents/Resources/
2020-01-17T10:23:32.008Z - normal: Simulator:     writable path: $(PROJDIR)/
2020-01-17T10:23:32.011Z - normal: Simulator:     script file: $(PROJDIR)/main.js
2020-01-17T10:23:32.011Z - normal: Simulator:     frame size: 960 x 640
2020-01-17T10:23:32.011Z - normal: Simulator:     frame scale: 1.00
2020-01-17T10:23:32.011Z - normal: Simulator:     show console: NO
2020-01-17T10:23:32.011Z - normal: Simulator:     write debug log: NO ()
2020-01-17T10:23:32.012Z - normal: Simulator:     listen: 
2020-01-17T10:23:32.012Z - normal: Simulator:     debugger: none
2020-01-17T10:23:32.012Z - normal: Simulator:     add searching path:
2020-01-17T10:23:32.012Z - normal: Simulator: resetDesignResolution request
2020-01-17T10:23:32.012Z - normal: Simulator: ------------------------------------------------
2020-01-17T10:23:32.012Z - normal: Simulator: LOAD Js FILE: jsb-adapter/jsb-builtin.js
2020-01-17T10:23:32.013Z - normal: Simulator: ------------------------------------------------
2020-01-17T10:23:32.013Z - normal: Simulator: Initializing V8, version: 7.5.288.22
2020-01-17T10:23:32.016Z - normal: Simulator: libuv version: 1.23.1-dev
2020-01-17T10:23:32.020Z - normal: Simulator: Debugger listening..., visit [ chrome-devtools://devtools/bundled/inspector.html?v8only=true&ws=0.0.0.0:5086/00010002-0003-4004-8005-000600070008 ] in chrome browser to debug!
2020-01-17T10:23:32.021Z - normal: Simulator: For help see https://nodejs.org/en/docs/inspector
2020-01-17T10:23:32.102Z - normal: Simulator: JS: Enable batch GL commands optimization!
2020-01-17T10:23:32.104Z - normal: Simulator: resetDesignResolution request
2020-01-17T10:23:32.104Z - normal: Simulator: ------------------------------------------------
2020-01-17T10:23:32.104Z - normal: Simulator: LOAD Js FILE: main.js
2020-01-17T10:23:32.105Z - normal: Simulator: ------------------------------------------------
2020-01-17T10:23:32.329Z - normal: Simulator: iShow!
2020-01-17T10:23:32.489Z - normal: Simulator: D/renderer (616): Device caps: maxVextexTextures: 16, maxFragUniforms: 1024, maxTextureUints: 16, maxVertexAttributes: 16, maxDrawBuffers: 8, maxColorAttatchments: 8
2020-01-17T10:23:32.490Z - normal: Simulator: JS: Cocos Creator v2.2.2
2020-01-17T10:23:32.655Z - normal: Simulator: JS: -960 -65.399000000000001
2020-01-17T10:23:37.441Z - normal: Simulator: ScriptEngine::cleanup begin ...
2020-01-17T10:23:37.441Z - normal: Simulator: GC begin ..., (js->native map) size: 105, all objects: 325
2020-01-17T10:23:37.466Z - normal: Simulator: GC end ..., (js->native map) size: 65, all objects: 285
2020-01-17T10:23:37.467Z - normal: Simulator: GC begin ..., (js->native map) size: 65, all objects: 285
2020-01-17T10:23:37.484Z - normal: Simulator: GC end ..., (js->native map) size: 65, all objects: 285
2020-01-17T10:23:37.485Z - normal: Simulator: GC begin ..., (js->native map) size: 0, all objects: 0
2020-01-17T10:23:37.502Z - normal: Simulator: GC end ..., (js->native map) size: 0, all objects: 0
2020-01-17T10:23:37.506Z - normal: Simulator: ScriptEngine::cleanup end ...
2020-01-17T10:26:07.424Z - normal: Simulator: WORKAREA WIDTH 1392.00, HEIGHT 855.00
2020-01-17T10:26:07.425Z - normal: Simulator: FRAME SCALE = 1.00
2020-01-17T10:26:07.631Z - normal: Simulator: GLFWError #65544 Happen, Cocoa: Failed to retrieve display name
2020-01-17T10:26:07.631Z - normal: Simulator: 
2020-01-17T10:26:07.631Z - normal: Simulator: {
2020-01-17T10:26:07.632Z - normal: Simulator: 	gl.supports_float_texture: true
2020-01-17T10:26:07.632Z - normal: Simulator: 	gl.supports_ATITC: false
2020-01-17T10:26:07.632Z - normal: Simulator: 	gl.supports_discard_framebuffer: false
2020-01-17T10:26:07.632Z - normal: Simulator: 	gl.supports_NPOT: true
2020-01-17T10:26:07.632Z - normal: Simulator: 	gl.supports_ETC2: false
2020-01-17T10:26:07.633Z - normal: Simulator: 	build_type: DEBUG
2020-01-17T10:26:07.633Z - normal: Simulator: 	gl.vendor: NVIDIA Corporation
2020-01-17T10:26:07.633Z - normal: Simulator: 	gl.renderer: NVIDIA GeForce GT 750M OpenGL Engine
2020-01-17T10:26:07.633Z - normal: Simulator: 	gl.supports_PVRTC: false
2020-01-17T10:26:07.633Z - normal: Simulator: 	gl.supports_ETC1: false
2020-01-17T10:26:07.634Z - normal: Simulator: 	gl.supports_BGRA8888: false
2020-01-17T10:26:07.634Z - normal: Simulator: 	gl.max_texture_size: 16384
2020-01-17T10:26:07.634Z - normal: Simulator: 	gl.max_texture_units: 16
2020-01-17T10:26:07.634Z - normal: Simulator: 	gl.supports_OES_packed_depth_stencil: false
2020-01-17T10:26:07.634Z - normal: Simulator: 	compiled_with_gl_state_cache: true
2020-01-17T10:26:07.634Z - normal: Simulator: 	gl.supports_OES_map_buffer: false
2020-01-17T10:26:07.634Z - normal: Simulator: 	gl.supports_vertex_array_object: true
2020-01-17T10:26:07.635Z - normal: Simulator: 	gl.supports_S3TC: true
2020-01-17T10:26:07.635Z - normal: Simulator: 	gl.version: 2.1 NVIDIA-14.0.31 355.11.11.10.10.143
2020-01-17T10:26:07.635Z - normal: Simulator: 	compiled_with_profiler: false
2020-01-17T10:26:07.635Z - normal: Simulator: 	gl.supports_OES_depth24: false
2020-01-17T10:26:07.636Z - normal: Simulator: }
2020-01-17T10:26:07.647Z - normal: Simulator: Project Config:
2020-01-17T10:26:07.647Z - normal: Simulator:     project dir: /Applications/CocosCreator.app/Contents/Resources/cocos2d-x/simulator/mac/Simulator.app/Contents/Resources/
2020-01-17T10:26:07.647Z - normal: Simulator:     writable path: $(PROJDIR)/
2020-01-17T10:26:07.647Z - normal: Simulator:     script file: $(PROJDIR)/main.js
2020-01-17T10:26:07.648Z - normal: Simulator:     frame size: 960 x 640
2020-01-17T10:26:07.648Z - normal: Simulator:     frame scale: 1.00
2020-01-17T10:26:07.648Z - normal: Simulator:     show console: NO
2020-01-17T10:26:07.648Z - normal: Simulator:     write debug log: NO ()
2020-01-17T10:26:07.649Z - normal: Simulator:     listen: 
2020-01-17T10:26:07.649Z - normal: Simulator:     debugger: none
2020-01-17T10:26:07.649Z - normal: Simulator:     add searching path:
2020-01-17T10:26:07.649Z - normal: Simulator: resetDesignResolution request
2020-01-17T10:26:07.650Z - normal: Simulator: ------------------------------------------------
2020-01-17T10:26:07.650Z - normal: Simulator: LOAD Js FILE: jsb-adapter/jsb-builtin.js
2020-01-17T10:26:07.650Z - normal: Simulator: ------------------------------------------------
2020-01-17T10:26:07.650Z - normal: Simulator: Initializing V8, version: 7.5.288.22
2020-01-17T10:26:07.651Z - normal: Simulator: libuv version: 1.23.1-dev
2020-01-17T10:26:07.651Z - normal: Simulator: Debugger listening..., visit [ chrome-devtools://devtools/bundled/inspector.html?v8only=true&ws=0.0.0.0:5086/00010002-0003-4004-8005-000600070008 ] in chrome browser to debug!
2020-01-17T10:26:07.651Z - normal: Simulator: For help see https://nodejs.org/en/docs/inspector
2020-01-17T10:26:07.678Z - normal: Simulator: JS: Enable batch GL commands optimization!
2020-01-17T10:26:07.678Z - normal: Simulator: resetDesignResolution request
2020-01-17T10:26:07.679Z - normal: Simulator: ------------------------------------------------
2020-01-17T10:26:07.679Z - normal: Simulator: LOAD Js FILE: main.js
2020-01-17T10:26:07.679Z - normal: Simulator: ------------------------------------------------
2020-01-17T10:26:07.877Z - normal: Simulator: iShow!
2020-01-17T10:26:08.027Z - normal: Simulator: D/renderer (616): Device caps: maxVextexTextures: 16, maxFragUniforms: 1024, maxTextureUints: 16, maxVertexAttributes: 16, maxDrawBuffers: 8, maxColorAttatchments: 8
2020-01-17T10:26:08.027Z - normal: Simulator: JS: Cocos Creator v2.2.2
2020-01-17T10:26:08.193Z - normal: Simulator: JS: -960.04715699599592 -0.69974437106421972
2020-01-17T10:27:17.608Z - normal: Simulator: WORKAREA WIDTH 1393.00, HEIGHT 855.00
2020-01-17T10:27:17.608Z - normal: Simulator: FRAME SCALE = 1.00
2020-01-17T10:27:17.795Z - normal: Simulator: GLFWError #65544 Happen, Cocoa: Failed to retrieve display name
2020-01-17T10:27:17.795Z - normal: Simulator: 
2020-01-17T10:27:17.795Z - normal: Simulator: {
2020-01-17T10:27:17.795Z - normal: Simulator: 	gl.supports_float_texture: true
2020-01-17T10:27:17.795Z - normal: Simulator: 	gl.supports_ATITC: false
2020-01-17T10:27:17.796Z - normal: Simulator: 	gl.supports_discard_framebuffer: false
2020-01-17T10:27:17.796Z - normal: Simulator: 	gl.supports_NPOT: true
2020-01-17T10:27:17.796Z - normal: Simulator: 	gl.supports_ETC2: false
2020-01-17T10:27:17.796Z - normal: Simulator: 	build_type: DEBUG
2020-01-17T10:27:17.796Z - normal: Simulator: 	gl.vendor: NVIDIA Corporation
2020-01-17T10:27:17.796Z - normal: Simulator: 	gl.renderer: NVIDIA GeForce GT 750M OpenGL Engine
2020-01-17T10:27:17.797Z - normal: Simulator: 	gl.supports_PVRTC: false
2020-01-17T10:27:17.797Z - normal: Simulator: 	gl.supports_ETC1: false
2020-01-17T10:27:17.797Z - normal: Simulator: 	gl.supports_BGRA8888: false
2020-01-17T10:27:17.797Z - normal: Simulator: 	gl.max_texture_size: 16384
2020-01-17T10:27:17.797Z - normal: Simulator: 	gl.max_texture_units: 16
2020-01-17T10:27:17.797Z - normal: Simulator: 	gl.supports_OES_packed_depth_stencil: false
2020-01-17T10:27:17.797Z - normal: Simulator: 	compiled_with_gl_state_cache: true
2020-01-17T10:27:17.798Z - normal: Simulator: 	gl.supports_OES_map_buffer: false
2020-01-17T10:27:17.798Z - normal: Simulator: 	gl.supports_vertex_array_object: true
2020-01-17T10:27:17.798Z - normal: Simulator: 	gl.supports_S3TC: true
2020-01-17T10:27:17.798Z - normal: Simulator: 	gl.version: 2.1 NVIDIA-14.0.31 355.11.11.10.10.143
2020-01-17T10:27:17.798Z - normal: Simulator: 	compiled_with_profiler: false
2020-01-17T10:27:17.799Z - normal: Simulator: 	gl.supports_OES_depth24: false
2020-01-17T10:27:17.799Z - normal: Simulator: }
2020-01-17T10:27:17.814Z - normal: Simulator: Project Config:
2020-01-17T10:27:17.814Z - normal: Simulator:     project dir: /Applications/CocosCreator.app/Contents/Resources/cocos2d-x/simulator/mac/Simulator.app/Contents/Resources/
2020-01-17T10:27:17.814Z - normal: Simulator:     writable path: $(PROJDIR)/
2020-01-17T10:27:17.815Z - normal: Simulator:     script file: $(PROJDIR)/main.js
2020-01-17T10:27:17.815Z - normal: Simulator:     frame size: 960 x 640
2020-01-17T10:27:17.816Z - normal: Simulator:     frame scale: 1.00
2020-01-17T10:27:17.816Z - normal: Simulator:     show console: NO
2020-01-17T10:27:17.816Z - normal: Simulator:     write debug log: NO ()
2020-01-17T10:27:17.817Z - normal: Simulator:     listen: 
2020-01-17T10:27:17.817Z - normal: Simulator:     debugger: none
2020-01-17T10:27:17.817Z - normal: Simulator:     add searching path:
2020-01-17T10:27:17.818Z - normal: Simulator: resetDesignResolution request
2020-01-17T10:27:17.818Z - normal: Simulator: ------------------------------------------------
2020-01-17T10:27:17.819Z - normal: Simulator: LOAD Js FILE: jsb-adapter/jsb-builtin.js
2020-01-17T10:27:17.819Z - normal: Simulator: ------------------------------------------------
2020-01-17T10:27:17.819Z - normal: Simulator: Initializing V8, version: 7.5.288.22
2020-01-17T10:27:17.820Z - normal: Simulator: libuv version: 1.23.1-dev
2020-01-17T10:27:17.820Z - normal: Simulator: Debugger listening..., visit [ chrome-devtools://devtools/bundled/inspector.html?v8only=true&ws=0.0.0.0:5086/00010002-0003-4004-8005-000600070008 ] in chrome browser to debug!
2020-01-17T10:27:17.821Z - normal: Simulator: For help see https://nodejs.org/en/docs/inspector
2020-01-17T10:27:17.846Z - normal: Simulator: JS: Enable batch GL commands optimization!
2020-01-17T10:27:17.848Z - normal: Simulator: resetDesignResolution request
2020-01-17T10:27:17.848Z - normal: Simulator: ------------------------------------------------
2020-01-17T10:27:17.848Z - normal: Simulator: LOAD Js FILE: main.js
2020-01-17T10:27:17.848Z - normal: Simulator: ------------------------------------------------
2020-01-17T10:27:18.047Z - normal: Simulator: iShow!
2020-01-17T10:27:18.200Z - normal: Simulator: D/renderer (616): Device caps: maxVextexTextures: 16, maxFragUniforms: 1024, maxTextureUints: 16, maxVertexAttributes: 16, maxDrawBuffers: 8, maxColorAttatchments: 8
2020-01-17T10:27:18.201Z - normal: Simulator: JS: Cocos Creator v2.2.2
2020-01-17T10:27:18.360Z - normal: Simulator: JS: -960 -65.399000000000001
2020-01-17T10:27:18.360Z - normal: Simulator: JS: 960 -63.999580000000037
2020-01-17T10:29:59.918Z - normal: Simulator: WORKAREA WIDTH 1393.00, HEIGHT 855.00
2020-01-17T10:29:59.919Z - normal: Simulator: FRAME SCALE = 1.00
2020-01-17T10:30:00.057Z - normal: Simulator: GLFWError #65544 Happen, Cocoa: Failed to retrieve display name
2020-01-17T10:30:00.058Z - normal: Simulator: 
2020-01-17T10:30:00.058Z - normal: Simulator: {
2020-01-17T10:30:00.058Z - normal: Simulator: 	gl.supports_float_texture: true
2020-01-17T10:30:00.058Z - normal: Simulator: 	gl.supports_ATITC: false
2020-01-17T10:30:00.058Z - normal: Simulator: 	gl.supports_discard_framebuffer: false
2020-01-17T10:30:00.059Z - normal: Simulator: 	gl.supports_NPOT: true
2020-01-17T10:30:00.059Z - normal: Simulator: 	gl.supports_ETC2: false
2020-01-17T10:30:00.059Z - normal: Simulator: 	build_type: DEBUG
2020-01-17T10:30:00.059Z - normal: Simulator: 	gl.vendor: NVIDIA Corporation
2020-01-17T10:30:00.059Z - normal: Simulator: 	gl.renderer: NVIDIA GeForce GT 750M OpenGL Engine
2020-01-17T10:30:00.060Z - normal: Simulator: 	gl.supports_PVRTC: false
2020-01-17T10:30:00.060Z - normal: Simulator: 	gl.supports_ETC1: false
2020-01-17T10:30:00.060Z - normal: Simulator: 	gl.supports_BGRA8888: false
2020-01-17T10:30:00.061Z - normal: Simulator: 	gl.max_texture_size: 16384
2020-01-17T10:30:00.061Z - normal: Simulator: 	gl.max_texture_units: 16
2020-01-17T10:30:00.061Z - normal: Simulator: 	gl.supports_OES_packed_depth_stencil: false
2020-01-17T10:30:00.061Z - normal: Simulator: 	compiled_with_gl_state_cache: true
2020-01-17T10:30:00.079Z - normal: Simulator: 	gl.supports_OES_map_buffer: false
2020-01-17T10:30:00.080Z - normal: Simulator: 	gl.supports_vertex_array_object: true
2020-01-17T10:30:00.081Z - normal: Simulator: 	gl.supports_S3TC: true
2020-01-17T10:30:00.081Z - normal: Simulator: 	gl.version: 2.1 NVIDIA-14.0.31 355.11.11.10.10.143
2020-01-17T10:30:00.081Z - normal: Simulator: 	compiled_with_profiler: false
2020-01-17T10:30:00.082Z - normal: Simulator: 	gl.supports_OES_depth24: false
2020-01-17T10:30:00.082Z - normal: Simulator: }
2020-01-17T10:30:00.098Z - normal: Simulator: Project Config:
2020-01-17T10:30:00.099Z - normal: Simulator:     project dir: /Applications/CocosCreator.app/Contents/Resources/cocos2d-x/simulator/mac/Simulator.app/Contents/Resources/
2020-01-17T10:30:00.099Z - normal: Simulator:     writable path: $(PROJDIR)/
2020-01-17T10:30:00.099Z - normal: Simulator:     script file: $(PROJDIR)/main.js
2020-01-17T10:30:00.100Z - normal: Simulator:     frame size: 960 x 640
2020-01-17T10:30:00.101Z - normal: Simulator:     frame scale: 1.00
2020-01-17T10:30:00.102Z - normal: Simulator:     show console: NO
2020-01-17T10:30:00.102Z - normal: Simulator:     write debug log: NO ()
2020-01-17T10:30:00.102Z - normal: Simulator:     listen: 
2020-01-17T10:30:00.102Z - normal: Simulator:     debugger: none
2020-01-17T10:30:00.103Z - normal: Simulator:     add searching path:
2020-01-17T10:30:00.103Z - normal: Simulator: resetDesignResolution request
2020-01-17T10:30:00.103Z - normal: Simulator: ------------------------------------------------
2020-01-17T10:30:00.103Z - normal: Simulator: LOAD Js FILE: jsb-adapter/jsb-builtin.js
2020-01-17T10:30:00.104Z - normal: Simulator: ------------------------------------------------
2020-01-17T10:30:00.104Z - normal: Simulator: Initializing V8, version: 7.5.288.22
2020-01-17T10:30:00.104Z - normal: Simulator: libuv version: 1.23.1-dev
2020-01-17T10:30:00.105Z - normal: Simulator: Debugger listening..., visit [ chrome-devtools://devtools/bundled/inspector.html?v8only=true&ws=0.0.0.0:5086/00010002-0003-4004-8005-000600070008 ] in chrome browser to debug!
2020-01-17T10:30:00.105Z - normal: Simulator: For help see https://nodejs.org/en/docs/inspector
2020-01-17T10:30:00.131Z - normal: Simulator: JS: Enable batch GL commands optimization!
2020-01-17T10:30:00.132Z - normal: Simulator: resetDesignResolution request
2020-01-17T10:30:00.133Z - normal: Simulator: ------------------------------------------------
2020-01-17T10:30:00.133Z - normal: Simulator: LOAD Js FILE: main.js
2020-01-17T10:30:00.133Z - normal: Simulator: ------------------------------------------------
2020-01-17T10:30:00.329Z - normal: Simulator: iShow!
2020-01-17T10:30:00.486Z - normal: Simulator: D/renderer (616): Device caps: maxVextexTextures: 16, maxFragUniforms: 1024, maxTextureUints: 16, maxVertexAttributes: 16, maxDrawBuffers: 8, maxColorAttatchments: 8
2020-01-17T10:30:00.487Z - normal: Simulator: JS: Cocos Creator v2.2.2
2020-01-17T10:30:00.649Z - normal: Simulator: JS: -960.04715699599592 -0.69974437106421972
2020-01-17T10:30:00.650Z - normal: Simulator: JS: -960 -65.399000000000001
2020-01-17T10:30:00.650Z - normal: Simulator: JS: 960 -63.999580000000037
2020-01-17T10:31:43.595Z - normal: Simulator: WORKAREA WIDTH 1393.00, HEIGHT 855.00
2020-01-17T10:31:43.595Z - normal: Simulator: FRAME SCALE = 1.00
2020-01-17T10:31:43.767Z - normal: Simulator: GLFWError #65544 Happen, Cocoa: Failed to retrieve display name
2020-01-17T10:31:43.767Z - normal: Simulator: 
2020-01-17T10:31:43.767Z - normal: Simulator: {
2020-01-17T10:31:43.767Z - normal: Simulator: 	gl.supports_float_texture: true
2020-01-17T10:31:43.768Z - normal: Simulator: 	gl.supports_ATITC: false
2020-01-17T10:31:43.768Z - normal: Simulator: 	gl.supports_discard_framebuffer: false
2020-01-17T10:31:43.768Z - normal: Simulator: 	gl.supports_NPOT: true
2020-01-17T10:31:43.768Z - normal: Simulator: 	gl.supports_ETC2: false
2020-01-17T10:31:43.768Z - normal: Simulator: 	build_type: DEBUG
2020-01-17T10:31:43.769Z - normal: Simulator: 	gl.vendor: NVIDIA Corporation
2020-01-17T10:31:43.769Z - normal: Simulator: 	gl.renderer: NVIDIA GeForce GT 750M OpenGL Engine
2020-01-17T10:31:43.769Z - normal: Simulator: 	gl.supports_PVRTC: false
2020-01-17T10:31:43.769Z - normal: Simulator: 	gl.supports_ETC1: false
2020-01-17T10:31:43.770Z - normal: Simulator: 	gl.supports_BGRA8888: false
2020-01-17T10:31:43.770Z - normal: Simulator: 	gl.max_texture_size: 16384
2020-01-17T10:31:43.770Z - normal: Simulator: 	gl.max_texture_units: 16
2020-01-17T10:31:43.770Z - normal: Simulator: 	gl.supports_OES_packed_depth_stencil: false
2020-01-17T10:31:43.771Z - normal: Simulator: 	compiled_with_gl_state_cache: true
2020-01-17T10:31:43.771Z - normal: Simulator: 	gl.supports_OES_map_buffer: false
2020-01-17T10:31:43.771Z - normal: Simulator: 	gl.supports_vertex_array_object: true
2020-01-17T10:31:43.771Z - normal: Simulator: 	gl.supports_S3TC: true
2020-01-17T10:31:43.772Z - normal: Simulator: 	gl.version: 2.1 NVIDIA-14.0.31 355.11.11.10.10.143
2020-01-17T10:31:43.772Z - normal: Simulator: 	compiled_with_profiler: false
2020-01-17T10:31:43.772Z - normal: Simulator: 	gl.supports_OES_depth24: false
2020-01-17T10:31:43.772Z - normal: Simulator: }
2020-01-17T10:31:43.787Z - normal: Simulator: Project Config:
2020-01-17T10:31:43.789Z - normal: Simulator:     project dir: /Applications/CocosCreator.app/Contents/Resources/cocos2d-x/simulator/mac/Simulator.app/Contents/Resources/
2020-01-17T10:31:43.791Z - normal: Simulator:     writable path: $(PROJDIR)/
2020-01-17T10:31:43.794Z - normal: Simulator:     script file: $(PROJDIR)/main.js
2020-01-17T10:31:43.796Z - normal: Simulator:     frame size: 960 x 640
2020-01-17T10:31:43.797Z - normal: Simulator:     frame scale: 1.00
2020-01-17T10:31:43.798Z - normal: Simulator:     show console: NO
2020-01-17T10:31:43.798Z - normal: Simulator:     write debug log: NO ()
2020-01-17T10:31:43.798Z - normal: Simulator:     listen: 
2020-01-17T10:31:43.800Z - normal: Simulator:     debugger: none
2020-01-17T10:31:43.801Z - normal: Simulator:     add searching path:
2020-01-17T10:31:43.801Z - normal: Simulator: resetDesignResolution request
2020-01-17T10:31:43.801Z - normal: Simulator: ------------------------------------------------
2020-01-17T10:31:43.802Z - normal: Simulator: LOAD Js FILE: jsb-adapter/jsb-builtin.js
2020-01-17T10:31:43.802Z - normal: Simulator: ------------------------------------------------
2020-01-17T10:31:43.803Z - normal: Simulator: Initializing V8, version: 7.5.288.22
2020-01-17T10:31:43.804Z - normal: Simulator: libuv version: 1.23.1-dev
2020-01-17T10:31:43.804Z - normal: Simulator: Debugger listening..., visit [ chrome-devtools://devtools/bundled/inspector.html?v8only=true&ws=0.0.0.0:5086/00010002-0003-4004-8005-000600070008 ] in chrome browser to debug!
2020-01-17T10:31:43.804Z - normal: Simulator: For help see https://nodejs.org/en/docs/inspector
2020-01-17T10:31:43.820Z - normal: Simulator: JS: Enable batch GL commands optimization!
2020-01-17T10:31:43.836Z - normal: Simulator: resetDesignResolution request
2020-01-17T10:31:43.836Z - normal: Simulator: ------------------------------------------------
2020-01-17T10:31:43.836Z - normal: Simulator: LOAD Js FILE: main.js
2020-01-17T10:31:43.837Z - normal: Simulator: ------------------------------------------------
2020-01-17T10:31:44.020Z - normal: Simulator: iShow!
2020-01-17T10:31:44.173Z - normal: Simulator: D/renderer (616): Device caps: maxVextexTextures: 16, maxFragUniforms: 1024, maxTextureUints: 16, maxVertexAttributes: 16, maxDrawBuffers: 8, maxColorAttatchments: 8
2020-01-17T10:31:44.174Z - normal: Simulator: JS: Cocos Creator v2.2.2
2020-01-17T10:31:44.334Z - normal: Simulator: JS: -960.04715699599592 -0.69974437106421972
2020-01-17T10:31:44.334Z - normal: Simulator: JS: 959.95284300400397 0.69967562893574398
2020-01-17T10:31:44.334Z - normal: Simulator: JS: -960 -65.399000000000001
2020-01-17T10:31:44.335Z - normal: Simulator: JS: 960 -63.999580000000037
2020-01-17T10:37:44.222Z - info: shutdown preview server
